#
# There is insufficient memory for the Java Runtime Environment to continue.
# Native memory allocation (mmap) failed to map 1966080 bytes for G1 virtual space
# Possible reasons:
#   The system is out of physical RAM or swap space
#   The process is running with CompressedOops enabled, and the Java Heap may be blocking the growth of the native heap
# Possible solutions:
#   Reduce memory load on the system
#   Increase physical memory or swap space
#   Check if swap backing store is full
#   Decrease Java heap size (-Xmx/-Xms)
#   Decrease number of Java threads
#   Decrease Java thread stack sizes (-Xss)
#   Set larger code cache with -XX:ReservedCodeCacheSize=
#   JVM is running with Unscaled Compressed Oops mode in which the Java heap is
#     placed in the first 4GB address space. The Java Heap base address is the
#     maximum limit for the native heap growth. Please use -XX:HeapBaseMinAddress
#     to set the Java Heap base and to place the Java Heap above 4GB virtual address.
# This output file may be truncated or incomplete.
#
#  Out of Memory Error (os_windows.cpp:3541), pid=3348, tid=5604
#
# JRE version:  (17.0.4.1+1) (build )
# Java VM: OpenJDK 64-Bit Server VM (17.0.4.1+1, mixed mode, sharing, tiered, compressed oops, compressed class ptrs, g1 gc, windows-amd64)
# No core dump will be written. Minidumps are not enabled by default on client versions of Windows
#

---------------  S U M M A R Y ------------

Command Line: -Dfile.encoding=UTF-8 --module-path=C:\Users\Familia\java-eclipse\PDV\bin -XX:+ShowCodeDetailsInExceptionMessages -Djdk.module.main=PDV PDV/programa.Principal

Host: AMD FX(tm)-4300 Quad-Core Processor            , 4 cores, 7G,  Windows 10 , 64 bit Build 19041 (10.0.19041.1889)
Time: Sat Feb 18 18:09:34 2023 Hora oficial do Brasil elapsed time: 0.032800 seconds (0d 0h 0m 0s)

---------------  T H R E A D  ---------------

Current thread (0x0000012da953c1e0):  JavaThread "Unknown thread" [_thread_in_vm, id=5604, stack(0x0000000f25200000,0x0000000f25300000)]

Stack: [0x0000000f25200000,0x0000000f25300000]
Native frames: (J=compiled Java code, j=interpreted, Vv=VM code, C=native code)
V  [jvm.dll+0x67731a]
V  [jvm.dll+0x832284]
V  [jvm.dll+0x833a2e]
V  [jvm.dll+0x834093]
V  [jvm.dll+0x245775]
V  [jvm.dll+0x674209]
V  [jvm.dll+0x668a92]
V  [jvm.dll+0x30471b]
V  [jvm.dll+0x30bc66]
V  [jvm.dll+0x35bac8]
V  [jvm.dll+0x35bccf]
V  [jvm.dll+0x2db5b8]
V  [jvm.dll+0x2dc524]
V  [jvm.dll+0x803db1]
V  [jvm.dll+0x3698f1]
V  [jvm.dll+0x7e31bc]
V  [jvm.dll+0x3ec25f]
V  [jvm.dll+0x3edde1]
C  [jli.dll+0x5277]
C  [ucrtbase.dll+0x21bb2]
C  [KERNEL32.DLL+0x17034]
C  [ntdll.dll+0x526a1]


---------------  P R O C E S S  ---------------

Threads class SMR info:
_java_thread_list=0x00007ffa93fe4e98, length=0, elements={
}

Java Threads: ( => current thread )

Other Threads:
  0x0000012da9592200 GCTaskThread "GC Thread#0" [stack: 0x0000000f25300000,0x0000000f25400000] [id=9600]
  0x0000012da95a2040 ConcurrentGCThread "G1 Main Marker" [stack: 0x0000000f25400000,0x0000000f25500000] [id=9648]
  0x0000012da95a4500 ConcurrentGCThread "G1 Conc#0" [stack: 0x0000000f25500000,0x0000000f25600000] [id=1968]

[error occurred during error reporting (printing all threads), id 0xc0000005, EXCEPTION_ACCESS_VIOLATION (0xc0000005) at pc=0x00007ffa937bc047]

VM state: not at safepoint (not fully initialized)

VM Mutex/Monitor currently owned by a thread:  ([mutex/lock_event])
[0x0000012da9536c30] Heap_lock - owner thread: 0x0000012da953c1e0

Heap address: 0x0000000088000000, size: 1920 MB, Compressed Oops mode: 32-bit

CDS archive(s) mapped at: [0x0000000000000000-0x0000000000000000-0x0000000000000000), size 0, SharedBaseAddress: 0x0000000800000000, ArchiveRelocationMode: 0.
Narrow klass base: 0x0000000000000000, Narrow klass shift: 0, Narrow klass range: 0x0

GC Precious Log:
<Empty>

Heap:
 garbage-first heap   total 0K, used 0K [0x0000000088000000, 0x0000000100000000)
  region size 1024K, 0 young (0K), 0 survivors (0K)

[error occurred during error reporting (printing heap information), id 0xc0000005, EXCEPTION_ACCESS_VIOLATION (0xc0000005) at pc=0x00007ffa93ba0699]

GC Heap History (0 events):
No events

Deoptimization events (0 events):
No events

Classes unloaded (0 events):
No events

Classes redefined (0 events):
No events

Internal exceptions (0 events):
No events

VM Operations (0 events):
No events

Events (1 events):
Event: 0.019 Loaded shared library C:\eclipse\plugins\org.eclipse.justj.openjdk.hotspot.jre.full.win32.x86_64_17.0.4.v20220903-1038\jre\bin\java.dll


Dynamic libraries:
0x00007ff6317a0000 - 0x00007ff6317ae000 	C:\eclipse\plugins\org.eclipse.justj.openjdk.hotspot.jre.full.win32.x86_64_17.0.4.v20220903-1038\jre\bin\javaw.exe
0x00007ffade750000 - 0x00007ffade948000 	C:\Windows\SYSTEM32\ntdll.dll
0x00007ffade370000 - 0x00007ffade42d000 	C:\Windows\System32\KERNEL32.DLL
0x00007ffadbef0000 - 0x00007ffadc1c2000 	C:\Windows\System32\KERNELBASE.dll
0x00007ffadc5c0000 - 0x00007ffadc6c0000 	C:\Windows\System32\ucrtbase.dll
0x00007ffad72b0000 - 0x00007ffad72c8000 	C:\eclipse\plugins\org.eclipse.justj.openjdk.hotspot.jre.full.win32.x86_64_17.0.4.v20220903-1038\jre\bin\jli.dll
0x00007ffade1d0000 - 0x00007ffade36d000 	C:\Windows\System32\USER32.dll
0x00007ffadc780000 - 0x00007ffadc7a2000 	C:\Windows\System32\win32u.dll
0x00007ffadc9b0000 - 0x00007ffadc9db000 	C:\Windows\System32\GDI32.dll
0x00007ffadc3e0000 - 0x00007ffadc4ef000 	C:\Windows\System32\gdi32full.dll
0x00007ffadc520000 - 0x00007ffadc5bd000 	C:\Windows\System32\msvcp_win.dll
0x00007ffad5b30000 - 0x00007ffad5b49000 	C:\eclipse\plugins\org.eclipse.justj.openjdk.hotspot.jre.full.win32.x86_64_17.0.4.v20220903-1038\jre\bin\VCRUNTIME140.dll
0x00007ffac6c40000 - 0x00007ffac6eda000 	C:\Windows\WinSxS\amd64_microsoft.windows.common-controls_6595b64144ccf1df_6.0.19041.1110_none_60b5254171f9507e\COMCTL32.dll
0x00007ffade090000 - 0x00007ffade12e000 	C:\Windows\System32\msvcrt.dll
0x00007ffaddfa0000 - 0x00007ffaddfd0000 	C:\Windows\System32\IMM32.DLL
0x00007ffad7590000 - 0x00007ffad759c000 	C:\eclipse\plugins\org.eclipse.justj.openjdk.hotspot.jre.full.win32.x86_64_17.0.4.v20220903-1038\jre\bin\vcruntime140_1.dll
0x00007ffabb570000 - 0x00007ffabb601000 	C:\eclipse\plugins\org.eclipse.justj.openjdk.hotspot.jre.full.win32.x86_64_17.0.4.v20220903-1038\jre\bin\msvcp140.dll
0x00007ffa934d0000 - 0x00007ffa94116000 	C:\eclipse\plugins\org.eclipse.justj.openjdk.hotspot.jre.full.win32.x86_64_17.0.4.v20220903-1038\jre\bin\server\jvm.dll
0x00007ffadc7b0000 - 0x00007ffadc85e000 	C:\Windows\System32\ADVAPI32.dll
0x00007ffade130000 - 0x00007ffade1cc000 	C:\Windows\System32\sechost.dll
0x00007ffadde00000 - 0x00007ffaddf25000 	C:\Windows\System32\RPCRT4.dll
0x00007ffadc860000 - 0x00007ffadc868000 	C:\Windows\System32\PSAPI.DLL
0x00007ffad4940000 - 0x00007ffad4949000 	C:\Windows\SYSTEM32\WSOCK32.dll
0x00007ffade430000 - 0x00007ffade49b000 	C:\Windows\System32\WS2_32.dll
0x00007ffacffe0000 - 0x00007ffad0007000 	C:\Windows\SYSTEM32\WINMM.dll
0x00007ffad5d40000 - 0x00007ffad5d4a000 	C:\Windows\SYSTEM32\VERSION.dll
0x00007ffad9d40000 - 0x00007ffad9d52000 	C:\Windows\SYSTEM32\kernel.appcore.dll
0x00007ffad7180000 - 0x00007ffad718a000 	C:\eclipse\plugins\org.eclipse.justj.openjdk.hotspot.jre.full.win32.x86_64_17.0.4.v20220903-1038\jre\bin\jimage.dll
0x00007ffad58a0000 - 0x00007ffad5a84000 	C:\Windows\SYSTEM32\DBGHELP.DLL
0x00007ffad5640000 - 0x00007ffad566c000 	C:\Windows\SYSTEM32\dbgcore.DLL
0x00007ffadbe60000 - 0x00007ffadbee2000 	C:\Windows\System32\bcryptPrimitives.dll
0x00007ffabf450000 - 0x00007ffabf475000 	C:\eclipse\plugins\org.eclipse.justj.openjdk.hotspot.jre.full.win32.x86_64_17.0.4.v20220903-1038\jre\bin\java.dll

dbghelp: loaded successfully - version: 4.0.5 - missing functions: none
symbol engine: initialized successfully - sym options: 0x614 - pdb path: .;C:\eclipse\plugins\org.eclipse.justj.openjdk.hotspot.jre.full.win32.x86_64_17.0.4.v20220903-1038\jre\bin;C:\Windows\SYSTEM32;C:\Windows\WinSxS\amd64_microsoft.windows.common-controls_6595b64144ccf1df_6.0.19041.1110_none_60b5254171f9507e;C:\eclipse\plugins\org.eclipse.justj.openjdk.hotspot.jre.full.win32.x86_64_17.0.4.v20220903-1038\jre\bin\server

VM Arguments:
jvm_args: -Dfile.encoding=UTF-8 --module-path=C:\Users\Familia\java-eclipse\PDV\bin -XX:+ShowCodeDetailsInExceptionMessages -Djdk.module.main=PDV 
java_command: PDV/programa.Principal
java_class_path (initial): <not set>
Launcher Type: SUN_STANDARD

[Global flags]
     intx CICompilerCount                          = 3                                         {product} {ergonomic}
     uint ConcGCThreads                            = 1                                         {product} {ergonomic}
     uint G1ConcRefinementThreads                  = 4                                         {product} {ergonomic}
   size_t G1HeapRegionSize                         = 1048576                                   {product} {ergonomic}
    uintx GCDrainStackTargetSize                   = 64                                        {product} {ergonomic}
   size_t InitialHeapSize                          = 125829120                                 {product} {ergonomic}
   size_t MarkStackSize                            = 4194304                                   {product} {ergonomic}
   size_t MaxHeapSize                              = 2013265920                                {product} {ergonomic}
   size_t MinHeapDeltaBytes                        = 1048576                                   {product} {ergonomic}
   size_t MinHeapSize                              = 8388608                                   {product} {ergonomic}
    uintx NonNMethodCodeHeapSize                   = 5832780                                {pd product} {ergonomic}
    uintx NonProfiledCodeHeapSize                  = 122912730                              {pd product} {ergonomic}
    uintx ProfiledCodeHeapSize                     = 122912730                              {pd product} {ergonomic}
    uintx ReservedCodeCacheSize                    = 251658240                              {pd product} {ergonomic}
     bool SegmentedCodeCache                       = true                                      {product} {ergonomic}
     bool ShowCodeDetailsInExceptionMessages       = true                                   {manageable} {command line}
   size_t SoftMaxHeapSize                          = 2013265920                             {manageable} {ergonomic}
     bool UseCompressedClassPointers               = true                           {product lp64_product} {ergonomic}
     bool UseCompressedOops                        = true                           {product lp64_product} {ergonomic}
     bool UseG1GC                                  = true                                      {product} {ergonomic}
     bool UseLargePagesIndividualAllocation        = false                                  {pd product} {ergonomic}

Logging:
Log output configuration:
 #0: stdout all=warning uptime,level,tags
 #1: stderr all=off uptime,level,tags

Environment Variables:
JAVA_HOME=C:\Users\Familia\Documents\zulu17.38.21-ca-jdk17.0.5-win_x64
PATH=C:/eclipse//plugins/org.eclipse.justj.openjdk.hotspot.jre.full.win32.x86_64_17.0.4.v20220903-1038/jre/bin/server;C:/eclipse//plugins/org.eclipse.justj.openjdk.hotspot.jre.full.win32.x86_64_17.0.4.v20220903-1038/jre/bin;C:\Users\Familia\AppData\Roaming\Python\Python310\Scripts;C:\Program Files\Python310\Scripts\;C:\Users\Familia\Documents\zulu17.38.21-ca-jdk17.0.5-win_x64\bin;C:\Program Files (x86)\Common Files\Oracle\Java\javapath;C:\Windows\system32;C:\Windows;C:\Windows\System32\Wbem;C:\Windows\System32\WindowsPowerShell\v1.0\;C:\Windows\System32\OpenSSH\;C:\Program Files (x86)\NVIDIA Corporation\PhysX\Common;C:\Users\Familia\AppData\Local\Microsoft\WindowsApps;C:\Users\Familia\Microsoft VS Code\bin;C:\Users\Familia\Git\cmd;C:\eclipse;
USERNAME=Familia
OS=Windows_NT
PROCESSOR_IDENTIFIER=AMD64 Family 21 Model 2 Stepping 0, AuthenticAMD
TMP=C:\Users\Familia\AppData\Local\Temp
TEMP=C:\Users\Familia\AppData\Local\Temp



---------------  S Y S T E M  ---------------

OS:
 Windows 10 , 64 bit Build 19041 (10.0.19041.1889)
OS uptime: 0 days 4:24 hours

CPU: total 4 (initial active 4) (4 cores per cpu, 1 threads per core) family 21 model 2 stepping 0 microcode 0x0, cx8, cmov, fxsr, mmx, 3dnowpref, sse, sse2, sse3, ssse3, sse4a, sse4.1, sse4.2, popcnt, lzcnt, tsc, tscinvbit, avx, aes, clmul, bmi1, fma, vzeroupper, clflush

Memory: 4k page, system-wide physical 7678M (1093M free)
TotalPageFile size 7678M (AvailPageFile size 6M)
current process WorkingSet (physical memory assigned to process): 10M, peak: 10M
current process commit charge ("private bytes"): 173M, peak: 175M

vm_info: OpenJDK 64-Bit Server VM (17.0.4.1+1) for windows-amd64 JRE (17.0.4.1+1), built on Aug 17 2022 07:42:43 by "temurin" with MS VC++ 16.7 (VS2019)

END.
